Traceback (most recent call last):
  File "C:\laragon\bin\python\python-3.10\lib\site-packages\jupyter_cache\executors\utils.py", line 58, in single_nb_execution
    executenb(
  File "C:\laragon\bin\python\python-3.10\lib\site-packages\nbclient\client.py", line 1314, in execute
    return NotebookClient(nb=nb, resources=resources, km=km, **kwargs).execute()
  File "C:\laragon\bin\python\python-3.10\lib\site-packages\jupyter_core\utils\__init__.py", line 165, in wrapped
    return loop.run_until_complete(inner)
  File "C:\laragon\bin\python\python-3.10\lib\asyncio\base_events.py", line 646, in run_until_complete
    return future.result()
  File "C:\laragon\bin\python\python-3.10\lib\site-packages\nbclient\client.py", line 709, in async_execute
    await self.async_execute_cell(
  File "C:\laragon\bin\python\python-3.10\lib\site-packages\nbclient\client.py", line 1062, in async_execute_cell
    await self._check_raise_for_error(cell, cell_index, exec_reply)
  File "C:\laragon\bin\python\python-3.10\lib\site-packages\nbclient\client.py", line 918, in _check_raise_for_error
    raise CellExecutionError.from_cell_and_msg(cell, exec_reply_content)
nbclient.exceptions.CellExecutionError: An error occurred while executing the following cell:
------------------
# Membuat target untuk n langkah ke depan
for i in range(1, FORECAST_STEPS + 1):
    df[f'Close Target+{i}'] = df['Close'].shift(-i)

# Menghapus baris yang memiliki nilai NaN pada target
df = df[:-FORECAST_STEPS]
------------------


[1;31m---------------------------------------------------------------------------[0m
[1;31mNameError[0m                                 Traceback (most recent call last)
Cell [1;32mIn[11], line 2[0m
[0;32m      1[0m [38;5;66;03m# Membuat target untuk n langkah ke depan[39;00m
[1;32m----> 2[0m [38;5;28;01mfor[39;00m i [38;5;129;01min[39;00m [38;5;28mrange[39m([38;5;241m1[39m, [43mFORECAST_STEPS[49m [38;5;241m+[39m [38;5;241m1[39m):
[0;32m      3[0m     df[[38;5;124mf[39m[38;5;124m'[39m[38;5;124mClose Target+[39m[38;5;132;01m{[39;00mi[38;5;132;01m}[39;00m[38;5;124m'[39m] [38;5;241m=[39m df[[38;5;124m'[39m[38;5;124mClose[39m[38;5;124m'[39m][38;5;241m.[39mshift([38;5;241m-[39mi)
[0;32m      5[0m [38;5;66;03m# Menghapus baris yang memiliki nilai NaN pada target[39;00m

[1;31mNameError[0m: name 'FORECAST_STEPS' is not defined

